node:internal/modules/cjs/loader:1146
  throw err;
  ^

Error: Cannot find module 'express'
Require stack:
- /home/messeowa/jokerdiary/app.js
- /usr/local/lsws/fcgi-bin/lsnode.js
    at Module._resolveFilename (node:internal/modules/cjs/loader:1143:15)
    at Module._load (node:internal/modules/cjs/loader:984:27)
    at Module.require (node:internal/modules/cjs/loader:1231:19)
    at require (node:internal/modules/helpers:179:18)
    at Object.<anonymous> (/home/messeowa/jokerdiary/app.js:1:17)
    at Module._compile (node:internal/modules/cjs/loader:1369:14)
    at Module._extensions..js (node:internal/modules/cjs/loader:1427:10)
    at Module.load (node:internal/modules/cjs/loader:1206:32)
    at Module._load (node:internal/modules/cjs/loader:1022:12)
    at Module.require (node:internal/modules/cjs/loader:1231:19) {
  code: 'MODULE_NOT_FOUND',
  requireStack: [
    '/home/messeowa/jokerdiary/app.js',
    '/usr/local/lsws/fcgi-bin/lsnode.js'
  ]
}

Node.js v20.12.2
node:internal/modules/cjs/loader:1146
  throw err;
  ^

Error: Cannot find module 'express'
Require stack:
- /home/messeowa/jokerdiary/app.js
- /usr/local/lsws/fcgi-bin/lsnode.js
    at Module._resolveFilename (node:internal/modules/cjs/loader:1143:15)
    at Module._load (node:internal/modules/cjs/loader:984:27)
    at Module.require (node:internal/modules/cjs/loader:1231:19)
    at require (node:internal/modules/helpers:179:18)
    at Object.<anonymous> (/home/messeowa/jokerdiary/app.js:1:17)
    at Module._compile (node:internal/modules/cjs/loader:1369:14)
    at Module._extensions..js (node:internal/modules/cjs/loader:1427:10)
    at Module.load (node:internal/modules/cjs/loader:1206:32)
    at Module._load (node:internal/modules/cjs/loader:1022:12)
    at Module.require (node:internal/modules/cjs/loader:1231:19) {
  code: 'MODULE_NOT_FOUND',
  requireStack: [
    '/home/messeowa/jokerdiary/app.js',
    '/usr/local/lsws/fcgi-bin/lsnode.js'
  ]
}

Node.js v20.12.2
Exception ignored in: <_io.TextIOWrapper name='<stdout>' mode='w' encoding='utf-8'>
BrokenPipeError: [Errno 32] Broken pipe
